The system is: Linux - 4.18.0-17-generic - x86_64
Compiling the C compiler identification source file "CMakeCCompilerId.c" succeeded.
Compiler: /usr/bin/cc 
Build flags: 
Id flags:  

The output was:
0


Compilation of the C compiler identification source "CMakeCCompilerId.c" produced "a.out"

The C compiler identification is GNU, found in "/home/sven/Downloads/glfw-3.3/CMakeFiles/3.10.2/CompilerIdC/a.out"

Determining if the C compiler works passed with the following output:
Change Dir: /home/sven/Downloads/glfw-3.3/CMakeFiles/CMakeTmp

Run Build Command:"/usr/bin/make" "cmTC_ab801/fast"
/usr/bin/make -f CMakeFiles/cmTC_ab801.dir/build.make CMakeFiles/cmTC_ab801.dir/build
make[1]: Entering directory '/home/sven/Downloads/glfw-3.3/CMakeFiles/CMakeTmp'
Building C object CMakeFiles/cmTC_ab801.dir/testCCompiler.c.o
/usr/bin/cc    -o CMakeFiles/cmTC_ab801.dir/testCCompiler.c.o   -c /home/sven/Downloads/glfw-3.3/CMakeFiles/CMakeTmp/testCCompiler.c
Linking C executable cmTC_ab801
/usr/bin/cmake -E cmake_link_script CMakeFiles/cmTC_ab801.dir/link.txt --verbose=1
/usr/bin/cc      -rdynamic CMakeFiles/cmTC_ab801.dir/testCCompiler.c.o  -o cmTC_ab801 
make[1]: Leaving directory '/home/sven/Downloads/glfw-3.3/CMakeFiles/CMakeTmp'


Detecting C compiler ABI info compiled with the following output:
Change Dir: /home/sven/Downloads/glfw-3.3/CMakeFiles/CMakeTmp

Run Build Command:"/usr/bin/make" "cmTC_870b9/fast"
/usr/bin/make -f CMakeFiles/cmTC_870b9.dir/build.make CMakeFiles/cmTC_870b9.dir/build
make[1]: Entering directory '/home/sven/Downloads/glfw-3.3/CMakeFiles/CMakeTmp'
Building C object CMakeFiles/cmTC_870b9.dir/CMakeCCompilerABI.c.o
/usr/bin/cc    -o CMakeFiles/cmTC_870b9.dir/CMakeCCompilerABI.c.o   -c /usr/share/cmake-3.10/Modules/CMakeCCompilerABI.c
Linking C executable cmTC_870b9
/usr/bin/cmake -E cmake_link_script CMakeFiles/cmTC_870b9.dir/link.txt --verbose=1
/usr/bin/cc     -v -rdynamic CMakeFiles/cmTC_870b9.dir/CMakeCCompilerABI.c.o  -o cmTC_870b9 
Using built-in specs.
COLLECT_GCC=/usr/bin/cc
COLLECT_LTO_WRAPPER=/usr/lib/gcc/x86_64-linux-gnu/7/lto-wrapper
OFFLOAD_TARGET_NAMES=nvptx-none
OFFLOAD_TARGET_DEFAULT=1
Target: x86_64-linux-gnu
Configured with: ../src/configure -v --with-pkgversion='Ubuntu 7.3.0-27ubuntu1~18.04' --with-bugurl=file:///usr/share/doc/gcc-7/README.Bugs --enable-languages=c,ada,c++,go,brig,d,fortran,objc,obj-c++ --prefix=/usr --with-gcc-major-version-only --program-suffix=-7 --program-prefix=x86_64-linux-gnu- --enable-shared --enable-linker-build-id --libexecdir=/usr/lib --without-included-gettext --enable-threads=posix --libdir=/usr/lib --enable-nls --with-sysroot=/ --enable-clocale=gnu --enable-libstdcxx-debug --enable-libstdcxx-time=yes --with-default-libstdcxx-abi=new --enable-gnu-unique-object --disable-vtable-verify --enable-libmpx --enable-plugin --enable-default-pie --with-system-zlib --with-target-system-zlib --enable-objc-gc=auto --enable-multiarch --disable-werror --with-arch-32=i686 --with-abi=m64 --with-multilib-list=m32,m64,mx32 --enable-multilib --with-tune=generic --enable-offload-targets=nvptx-none --without-cuda-driver --enable-checking=release --build=x86_64-linux-gnu --host=x86_64-linux-gnu --target=x86_64-linux-gnu
Thread model: posix
gcc version 7.3.0 (Ubuntu 7.3.0-27ubuntu1~18.04) 
COMPILER_PATH=/usr/lib/gcc/x86_64-linux-gnu/7/:/usr/lib/gcc/x86_64-linux-gnu/7/:/usr/lib/gcc/x86_64-linux-gnu/:/usr/lib/gcc/x86_64-linux-gnu/7/:/usr/lib/gcc/x86_64-linux-gnu/
LIBRARY_PATH=/usr/lib/gcc/x86_64-linux-gnu/7/:/usr/lib/gcc/x86_64-linux-gnu/7/../../../x86_64-linux-gnu/:/usr/lib/gcc/x86_64-linux-gnu/7/../../../../lib/:/lib/x86_64-linux-gnu/:/lib/../lib/:/usr/lib/x86_64-linux-gnu/:/usr/lib/../lib/:/usr/lib/gcc/x86_64-linux-gnu/7/../../../:/lib/:/usr/lib/
COLLECT_GCC_OPTIONS='-v' '-rdynamic' '-o' 'cmTC_870b9' '-mtune=generic' '-march=x86-64'
 /usr/lib/gcc/x86_64-linux-gnu/7/collect2 -plugin /usr/lib/gcc/x86_64-linux-gnu/7/liblto_plugin.so -plugin-opt=/usr/lib/gcc/x86_64-linux-gnu/7/lto-wrapper -plugin-opt=-fresolution=/tmp/ccoKqlY7.res -plugin-opt=-pass-through=-lgcc -plugin-opt=-pass-through=-lgcc_s -plugin-opt=-pass-through=-lc -plugin-opt=-pass-through=-lgcc -plugin-opt=-pass-through=-lgcc_s --sysroot=/ --build-id --eh-frame-hdr -m elf_x86_64 --hash-style=gnu --as-needed -export-dynamic -dynamic-linker /lib64/ld-linux-x86-64.so.2 -pie -z now -z relro -o cmTC_870b9 /usr/lib/gcc/x86_64-linux-gnu/7/../../../x86_64-linux-gnu/Scrt1.o /usr/lib/gcc/x86_64-linux-gnu/7/../../../x86_64-linux-gnu/crti.o /usr/lib/gcc/x86_64-linux-gnu/7/crtbeginS.o -L/usr/lib/gcc/x86_64-linux-gnu/7 -L/usr/lib/gcc/x86_64-linux-gnu/7/../../../x86_64-linux-gnu -L/usr/lib/gcc/x86_64-linux-gnu/7/../../../../lib -L/lib/x86_64-linux-gnu -L/lib/../lib -L/usr/lib/x86_64-linux-gnu -L/usr/lib/../lib -L/usr/lib/gcc/x86_64-linux-gnu/7/../../.. CMakeFiles/cmTC_870b9.dir/CMakeCCompilerABI.c.o -lgcc --push-state --as-needed -lgcc_s --pop-state -lc -lgcc --push-state --as-needed -lgcc_s --pop-state /usr/lib/gcc/x86_64-linux-gnu/7/crtendS.o /usr/lib/gcc/x86_64-linux-gnu/7/../../../x86_64-linux-gnu/crtn.o
COLLECT_GCC_OPTIONS='-v' '-rdynamic' '-o' 'cmTC_870b9' '-mtune=generic' '-march=x86-64'
make[1]: Leaving directory '/home/sven/Downloads/glfw-3.3/CMakeFiles/CMakeTmp'


Parsed C implicit link information from above output:
  link line regex: [^( *|.*[/\])(ld|CMAKE_LINK_STARTFILE-NOTFOUND|([^/\]+-)?ld|collect2)[^/\]*( |$)]
  ignore line: [Change Dir: /home/sven/Downloads/glfw-3.3/CMakeFiles/CMakeTmp]
  ignore line: []
  ignore line: [Run Build Command:"/usr/bin/make" "cmTC_870b9/fast"]
  ignore line: [/usr/bin/make -f CMakeFiles/cmTC_870b9.dir/build.make CMakeFiles/cmTC_870b9.dir/build]
  ignore line: [make[1]: Entering directory '/home/sven/Downloads/glfw-3.3/CMakeFiles/CMakeTmp']
  ignore line: [Building C object CMakeFiles/cmTC_870b9.dir/CMakeCCompilerABI.c.o]
  ignore line: [/usr/bin/cc    -o CMakeFiles/cmTC_870b9.dir/CMakeCCompilerABI.c.o   -c /usr/share/cmake-3.10/Modules/CMakeCCompilerABI.c]
  ignore line: [Linking C executable cmTC_870b9]
  ignore line: [/usr/bin/cmake -E cmake_link_script CMakeFiles/cmTC_870b9.dir/link.txt --verbose=1]
  ignore line: [/usr/bin/cc     -v -rdynamic CMakeFiles/cmTC_870b9.dir/CMakeCCompilerABI.c.o  -o cmTC_870b9 ]
  ignore line: [Using built-in specs.]
  ignore line: [COLLECT_GCC=/usr/bin/cc]
  ignore line: [COLLECT_LTO_WRAPPER=/usr/lib/gcc/x86_64-linux-gnu/7/lto-wrapper]
  ignore line: [OFFLOAD_TARGET_NAMES=nvptx-none]
  ignore line: [OFFLOAD_TARGET_DEFAULT=1]
  ignore line: [Target: x86_64-linux-gnu]
  ignore line: [Configured with: ../src/configure -v --with-pkgversion='Ubuntu 7.3.0-27ubuntu1~18.04' --with-bugurl=file:///usr/share/doc/gcc-7/README.Bugs --enable-languages=c,ada,c++,go,brig,d,fortran,objc,obj-c++ --prefix=/usr --with-gcc-major-version-only --program-suffix=-7 --program-prefix=x86_64-linux-gnu- --enable-shared --enable-linker-build-id --libexecdir=/usr/lib --without-included-gettext --enable-threads=posix --libdir=/usr/lib --enable-nls --with-sysroot=/ --enable-clocale=gnu --enable-libstdcxx-debug --enable-libstdcxx-time=yes --with-default-libstdcxx-abi=new --enable-gnu-unique-object --disable-vtable-verify --enable-libmpx --enable-plugin --enable-default-pie --with-system-zlib --with-target-system-zlib --enable-objc-gc=auto --enable-multiarch --disable-werror --with-arch-32=i686 --with-abi=m64 --with-multilib-list=m32,m64,mx32 --enable-multilib --with-tune=generic --enable-offload-targets=nvptx-none --without-cuda-driver --enable-checking=release --build=x86_64-linux-gnu --host=x86_64-linux-gnu --target=x86_64-linux-gnu]
  ignore line: [Thread model: posix]
  ignore line: [gcc version 7.3.0 (Ubuntu 7.3.0-27ubuntu1~18.04) ]
  ignore line: [COMPILER_PATH=/usr/lib/gcc/x86_64-linux-gnu/7/:/usr/lib/gcc/x86_64-linux-gnu/7/:/usr/lib/gcc/x86_64-linux-gnu/:/usr/lib/gcc/x86_64-linux-gnu/7/:/usr/lib/gcc/x86_64-linux-gnu/]
  ignore line: [LIBRARY_PATH=/usr/lib/gcc/x86_64-linux-gnu/7/:/usr/lib/gcc/x86_64-linux-gnu/7/../../../x86_64-linux-gnu/:/usr/lib/gcc/x86_64-linux-gnu/7/../../../../lib/:/lib/x86_64-linux-gnu/:/lib/../lib/:/usr/lib/x86_64-linux-gnu/:/usr/lib/../lib/:/usr/lib/gcc/x86_64-linux-gnu/7/../../../:/lib/:/usr/lib/]
  ignore line: [COLLECT_GCC_OPTIONS='-v' '-rdynamic' '-o' 'cmTC_870b9' '-mtune=generic' '-march=x86-64']
  link line: [ /usr/lib/gcc/x86_64-linux-gnu/7/collect2 -plugin /usr/lib/gcc/x86_64-linux-gnu/7/liblto_plugin.so -plugin-opt=/usr/lib/gcc/x86_64-linux-gnu/7/lto-wrapper -plugin-opt=-fresolution=/tmp/ccoKqlY7.res -plugin-opt=-pass-through=-lgcc -plugin-opt=-pass-through=-lgcc_s -plugin-opt=-pass-through=-lc -plugin-opt=-pass-through=-lgcc -plugin-opt=-pass-through=-lgcc_s --sysroot=/ --build-id --eh-frame-hdr -m elf_x86_64 --hash-style=gnu --as-needed -export-dynamic -dynamic-linker /lib64/ld-linux-x86-64.so.2 -pie -z now -z relro -o cmTC_870b9 /usr/lib/gcc/x86_64-linux-gnu/7/../../../x86_64-linux-gnu/Scrt1.o /usr/lib/gcc/x86_64-linux-gnu/7/../../../x86_64-linux-gnu/crti.o /usr/lib/gcc/x86_64-linux-gnu/7/crtbeginS.o -L/usr/lib/gcc/x86_64-linux-gnu/7 -L/usr/lib/gcc/x86_64-linux-gnu/7/../../../x86_64-linux-gnu -L/usr/lib/gcc/x86_64-linux-gnu/7/../../../../lib -L/lib/x86_64-linux-gnu -L/lib/../lib -L/usr/lib/x86_64-linux-gnu -L/usr/lib/../lib -L/usr/lib/gcc/x86_64-linux-gnu/7/../../.. CMakeFiles/cmTC_870b9.dir/CMakeCCompilerABI.c.o -lgcc --push-state --as-needed -lgcc_s --pop-state -lc -lgcc --push-state --as-needed -lgcc_s --pop-state /usr/lib/gcc/x86_64-linux-gnu/7/crtendS.o /usr/lib/gcc/x86_64-linux-gnu/7/../../../x86_64-linux-gnu/crtn.o]
    arg [/usr/lib/gcc/x86_64-linux-gnu/7/collect2] ==> ignore
    arg [-plugin] ==> ignore
    arg [/usr/lib/gcc/x86_64-linux-gnu/7/liblto_plugin.so] ==> ignore
    arg [-plugin-opt=/usr/lib/gcc/x86_64-linux-gnu/7/lto-wrapper] ==> ignore
    arg [-plugin-opt=-fresolution=/tmp/ccoKqlY7.res] ==> ignore
    arg [-plugin-opt=-pass-through=-lgcc] ==> ignore
    arg [-plugin-opt=-pass-through=-lgcc_s] ==> ignore
    arg [-plugin-opt=-pass-through=-lc] ==> ignore
    arg [-plugin-opt=-pass-through=-lgcc] ==> ignore
    arg [-plugin-opt=-pass-through=-lgcc_s] ==> ignore
    arg [--sysroot=/] ==> ignore
    arg [--build-id] ==> ignore
    arg [--eh-frame-hdr] ==> ignore
    arg [-m] ==> ignore
    arg [elf_x86_64] ==> ignore
    arg [--hash-style=gnu] ==> ignore
    arg [--as-needed] ==> ignore
    arg [-export-dynamic] ==> ignore
    arg [-dynamic-linker] ==> ignore
    arg [/lib64/ld-linux-x86-64.so.2] ==> ignore
    arg [-pie] ==> ignore
    arg [-znow] ==> ignore
    arg [-zrelro] ==> ignore
    arg [-o] ==> ignore
    arg [cmTC_870b9] ==> ignore
    arg [/usr/lib/gcc/x86_64-linux-gnu/7/../../../x86_64-linux-gnu/Scrt1.o] ==> ignore
    arg [/usr/lib/gcc/x86_64-linux-gnu/7/../../../x86_64-linux-gnu/crti.o] ==> ignore
    arg [/usr/lib/gcc/x86_64-linux-gnu/7/crtbeginS.o] ==> ignore
    arg [-L/usr/lib/gcc/x86_64-linux-gnu/7] ==> dir [/usr/lib/gcc/x86_64-linux-gnu/7]
    arg [-L/usr/lib/gcc/x86_64-linux-gnu/7/../../../x86_64-linux-gnu] ==> dir [/usr/lib/gcc/x86_64-linux-gnu/7/../../../x86_64-linux-gnu]
    arg [-L/usr/lib/gcc/x86_64-linux-gnu/7/../../../../lib] ==> dir [/usr/lib/gcc/x86_64-linux-gnu/7/../../../../lib]
    arg [-L/lib/x86_64-linux-gnu] ==> dir [/lib/x86_64-linux-gnu]
    arg [-L/lib/../lib] ==> dir [/lib/../lib]
    arg [-L/usr/lib/x86_64-linux-gnu] ==> dir [/usr/lib/x86_64-linux-gnu]
    arg [-L/usr/lib/../lib] ==> dir [/usr/lib/../lib]
    arg [-L/usr/lib/gcc/x86_64-linux-gnu/7/../../..] ==> dir [/usr/lib/gcc/x86_64-linux-gnu/7/../../..]
    arg [CMakeFiles/cmTC_870b9.dir/CMakeCCompilerABI.c.o] ==> ignore
    arg [-lgcc] ==> lib [gcc]
    arg [--push-state] ==> ignore
    arg [--as-needed] ==> ignore
    arg [-lgcc_s] ==> lib [gcc_s]
    arg [--pop-state] ==> ignore
    arg [-lc] ==> lib [c]
    arg [-lgcc] ==> lib [gcc]
    arg [--push-state] ==> ignore
    arg [--as-needed] ==> ignore
    arg [-lgcc_s] ==> lib [gcc_s]
    arg [--pop-state] ==> ignore
    arg [/usr/lib/gcc/x86_64-linux-gnu/7/crtendS.o] ==> ignore
    arg [/usr/lib/gcc/x86_64-linux-gnu/7/../../../x86_64-linux-gnu/crtn.o] ==> ignore
  collapse library dir [/usr/lib/gcc/x86_64-linux-gnu/7] ==> [/usr/lib/gcc/x86_64-linux-gnu/7]
  collapse library dir [/usr/lib/gcc/x86_64-linux-gnu/7/../../../x86_64-linux-gnu] ==> [/usr/lib/x86_64-linux-gnu]
  collapse library dir [/usr/lib/gcc/x86_64-linux-gnu/7/../../../../lib] ==> [/usr/lib]
  collapse library dir [/lib/x86_64-linux-gnu] ==> [/lib/x86_64-linux-gnu]
  collapse library dir [/lib/../lib] ==> [/lib]
  collapse library dir [/usr/lib/x86_64-linux-gnu] ==> [/usr/lib/x86_64-linux-gnu]
  collapse library dir [/usr/lib/../lib] ==> [/usr/lib]
  collapse library dir [/usr/lib/gcc/x86_64-linux-gnu/7/../../..] ==> [/usr/lib]
  implicit libs: [gcc;gcc_s;c;gcc;gcc_s]
  implicit dirs: [/usr/lib/gcc/x86_64-linux-gnu/7;/usr/lib/x86_64-linux-gnu;/usr/lib;/lib/x86_64-linux-gnu;/lib]
  implicit fwks: []




Detecting C [-std=c11] compiler features compiled with the following output:
Change Dir: /home/sven/Downloads/glfw-3.3/CMakeFiles/CMakeTmp

Run Build Command:"/usr/bin/make" "cmTC_b257f/fast"
/usr/bin/make -f CMakeFiles/cmTC_b257f.dir/build.make CMakeFiles/cmTC_b257f.dir/build
make[1]: Entering directory '/home/sven/Downloads/glfw-3.3/CMakeFiles/CMakeTmp'
Building C object CMakeFiles/cmTC_b257f.dir/feature_tests.c.o
/usr/bin/cc   -std=c11 -o CMakeFiles/cmTC_b257f.dir/feature_tests.c.o   -c /home/sven/Downloads/glfw-3.3/CMakeFiles/feature_tests.c
Linking C executable cmTC_b257f
/usr/bin/cmake -E cmake_link_script CMakeFiles/cmTC_b257f.dir/link.txt --verbose=1
/usr/bin/cc      -rdynamic CMakeFiles/cmTC_b257f.dir/feature_tests.c.o  -o cmTC_b257f 
make[1]: Leaving directory '/home/sven/Downloads/glfw-3.3/CMakeFiles/CMakeTmp'


    Feature record: C_FEATURE:1c_function_prototypes
    Feature record: C_FEATURE:1c_restrict
    Feature record: C_FEATURE:1c_static_assert
    Feature record: C_FEATURE:1c_variadic_macros


Detecting C [-std=c99] compiler features compiled with the following output:
Change Dir: /home/sven/Downloads/glfw-3.3/CMakeFiles/CMakeTmp

Run Build Command:"/usr/bin/make" "cmTC_842e2/fast"
/usr/bin/make -f CMakeFiles/cmTC_842e2.dir/build.make CMakeFiles/cmTC_842e2.dir/build
make[1]: Entering directory '/home/sven/Downloads/glfw-3.3/CMakeFiles/CMakeTmp'
Building C object CMakeFiles/cmTC_842e2.dir/feature_tests.c.o
/usr/bin/cc   -std=c99 -o CMakeFiles/cmTC_842e2.dir/feature_tests.c.o   -c /home/sven/Downloads/glfw-3.3/CMakeFiles/feature_tests.c
Linking C executable cmTC_842e2
/usr/bin/cmake -E cmake_link_script CMakeFiles/cmTC_842e2.dir/link.txt --verbose=1
/usr/bin/cc      -rdynamic CMakeFiles/cmTC_842e2.dir/feature_tests.c.o  -o cmTC_842e2 
make[1]: Leaving directory '/home/sven/Downloads/glfw-3.3/CMakeFiles/CMakeTmp'


    Feature record: C_FEATURE:1c_function_prototypes
    Feature record: C_FEATURE:1c_restrict
    Feature record: C_FEATURE:0c_static_assert
    Feature record: C_FEATURE:1c_variadic_macros


Detecting C [-std=c90] compiler features compiled with the following output:
Change Dir: /home/sven/Downloads/glfw-3.3/CMakeFiles/CMakeTmp

Run Build Command:"/usr/bin/make" "cmTC_c087f/fast"
/usr/bin/make -f CMakeFiles/cmTC_c087f.dir/build.make CMakeFiles/cmTC_c087f.dir/build
make[1]: Entering directory '/home/sven/Downloads/glfw-3.3/CMakeFiles/CMakeTmp'
Building C object CMakeFiles/cmTC_c087f.dir/feature_tests.c.o
/usr/bin/cc   -std=c90 -o CMakeFiles/cmTC_c087f.dir/feature_tests.c.o   -c /home/sven/Downloads/glfw-3.3/CMakeFiles/feature_tests.c
Linking C executable cmTC_c087f
/usr/bin/cmake -E cmake_link_script CMakeFiles/cmTC_c087f.dir/link.txt --verbose=1
/usr/bin/cc      -rdynamic CMakeFiles/cmTC_c087f.dir/feature_tests.c.o  -o cmTC_c087f 
make[1]: Leaving directory '/home/sven/Downloads/glfw-3.3/CMakeFiles/CMakeTmp'


    Feature record: C_FEATURE:1c_function_prototypes
    Feature record: C_FEATURE:0c_restrict
    Feature record: C_FEATURE:0c_static_assert
    Feature record: C_FEATURE:0c_variadic_macros
Determining if the include file pthread.h exists passed with the following output:
Change Dir: /home/sven/Downloads/glfw-3.3/CMakeFiles/CMakeTmp

Run Build Command:"/usr/bin/make" "cmTC_46078/fast"
/usr/bin/make -f CMakeFiles/cmTC_46078.dir/build.make CMakeFiles/cmTC_46078.dir/build
make[1]: Entering directory '/home/sven/Downloads/glfw-3.3/CMakeFiles/CMakeTmp'
Building C object CMakeFiles/cmTC_46078.dir/CheckIncludeFile.c.o
/usr/bin/cc    -o CMakeFiles/cmTC_46078.dir/CheckIncludeFile.c.o   -c /home/sven/Downloads/glfw-3.3/CMakeFiles/CMakeTmp/CheckIncludeFile.c
Linking C executable cmTC_46078
/usr/bin/cmake -E cmake_link_script CMakeFiles/cmTC_46078.dir/link.txt --verbose=1
/usr/bin/cc      -rdynamic CMakeFiles/cmTC_46078.dir/CheckIncludeFile.c.o  -o cmTC_46078 
make[1]: Leaving directory '/home/sven/Downloads/glfw-3.3/CMakeFiles/CMakeTmp'


Determining if the function pthread_create exists in the pthread passed with the following output:
Change Dir: /home/sven/Downloads/glfw-3.3/CMakeFiles/CMakeTmp

Run Build Command:"/usr/bin/make" "cmTC_f686e/fast"
/usr/bin/make -f CMakeFiles/cmTC_f686e.dir/build.make CMakeFiles/cmTC_f686e.dir/build
make[1]: Entering directory '/home/sven/Downloads/glfw-3.3/CMakeFiles/CMakeTmp'
Building C object CMakeFiles/cmTC_f686e.dir/CheckFunctionExists.c.o
/usr/bin/cc   -DCHECK_FUNCTION_EXISTS=pthread_create   -o CMakeFiles/cmTC_f686e.dir/CheckFunctionExists.c.o   -c /usr/share/cmake-3.10/Modules/CheckFunctionExists.c
Linking C executable cmTC_f686e
/usr/bin/cmake -E cmake_link_script CMakeFiles/cmTC_f686e.dir/link.txt --verbose=1
/usr/bin/cc  -DCHECK_FUNCTION_EXISTS=pthread_create    -rdynamic CMakeFiles/cmTC_f686e.dir/CheckFunctionExists.c.o  -o cmTC_f686e -lpthread 
make[1]: Leaving directory '/home/sven/Downloads/glfw-3.3/CMakeFiles/CMakeTmp'


Determining if the function XOpenDisplay exists in the /usr/lib/x86_64-linux-gnu/libX11.so;/usr/lib/x86_64-linux-gnu/libXext.so passed with the following output:
Change Dir: /home/sven/Downloads/glfw-3.3/CMakeFiles/CMakeTmp

Run Build Command:"/usr/bin/make" "cmTC_5d3fa/fast"
/usr/bin/make -f CMakeFiles/cmTC_5d3fa.dir/build.make CMakeFiles/cmTC_5d3fa.dir/build
make[1]: Entering directory '/home/sven/Downloads/glfw-3.3/CMakeFiles/CMakeTmp'
Building C object CMakeFiles/cmTC_5d3fa.dir/CheckFunctionExists.c.o
/usr/bin/cc   -DCHECK_FUNCTION_EXISTS=XOpenDisplay   -o CMakeFiles/cmTC_5d3fa.dir/CheckFunctionExists.c.o   -c /usr/share/cmake-3.10/Modules/CheckFunctionExists.c
Linking C executable cmTC_5d3fa
/usr/bin/cmake -E cmake_link_script CMakeFiles/cmTC_5d3fa.dir/link.txt --verbose=1
/usr/bin/cc  -DCHECK_FUNCTION_EXISTS=XOpenDisplay    -rdynamic CMakeFiles/cmTC_5d3fa.dir/CheckFunctionExists.c.o  -o cmTC_5d3fa /usr/lib/x86_64-linux-gnu/libX11.so /usr/lib/x86_64-linux-gnu/libXext.so 
make[1]: Leaving directory '/home/sven/Downloads/glfw-3.3/CMakeFiles/CMakeTmp'


Determining if the function gethostbyname exists passed with the following output:
Change Dir: /home/sven/Downloads/glfw-3.3/CMakeFiles/CMakeTmp

Run Build Command:"/usr/bin/make" "cmTC_cb5e2/fast"
/usr/bin/make -f CMakeFiles/cmTC_cb5e2.dir/build.make CMakeFiles/cmTC_cb5e2.dir/build
make[1]: Entering directory '/home/sven/Downloads/glfw-3.3/CMakeFiles/CMakeTmp'
Building C object CMakeFiles/cmTC_cb5e2.dir/CheckFunctionExists.c.o
/usr/bin/cc   -DCHECK_FUNCTION_EXISTS=gethostbyname   -o CMakeFiles/cmTC_cb5e2.dir/CheckFunctionExists.c.o   -c /usr/share/cmake-3.10/Modules/CheckFunctionExists.c
Linking C executable cmTC_cb5e2
/usr/bin/cmake -E cmake_link_script CMakeFiles/cmTC_cb5e2.dir/link.txt --verbose=1
/usr/bin/cc  -DCHECK_FUNCTION_EXISTS=gethostbyname    -rdynamic CMakeFiles/cmTC_cb5e2.dir/CheckFunctionExists.c.o  -o cmTC_cb5e2 
make[1]: Leaving directory '/home/sven/Downloads/glfw-3.3/CMakeFiles/CMakeTmp'


Determining if the function connect exists passed with the following output:
Change Dir: /home/sven/Downloads/glfw-3.3/CMakeFiles/CMakeTmp

Run Build Command:"/usr/bin/make" "cmTC_1c141/fast"
/usr/bin/make -f CMakeFiles/cmTC_1c141.dir/build.make CMakeFiles/cmTC_1c141.dir/build
make[1]: Entering directory '/home/sven/Downloads/glfw-3.3/CMakeFiles/CMakeTmp'
Building C object CMakeFiles/cmTC_1c141.dir/CheckFunctionExists.c.o
/usr/bin/cc   -DCHECK_FUNCTION_EXISTS=connect   -o CMakeFiles/cmTC_1c141.dir/CheckFunctionExists.c.o   -c /usr/share/cmake-3.10/Modules/CheckFunctionExists.c
Linking C executable cmTC_1c141
/usr/bin/cmake -E cmake_link_script CMakeFiles/cmTC_1c141.dir/link.txt --verbose=1
/usr/bin/cc  -DCHECK_FUNCTION_EXISTS=connect    -rdynamic CMakeFiles/cmTC_1c141.dir/CheckFunctionExists.c.o  -o cmTC_1c141 
make[1]: Leaving directory '/home/sven/Downloads/glfw-3.3/CMakeFiles/CMakeTmp'


Determining if the function remove exists passed with the following output:
Change Dir: /home/sven/Downloads/glfw-3.3/CMakeFiles/CMakeTmp

Run Build Command:"/usr/bin/make" "cmTC_dc1b1/fast"
/usr/bin/make -f CMakeFiles/cmTC_dc1b1.dir/build.make CMakeFiles/cmTC_dc1b1.dir/build
make[1]: Entering directory '/home/sven/Downloads/glfw-3.3/CMakeFiles/CMakeTmp'
Building C object CMakeFiles/cmTC_dc1b1.dir/CheckFunctionExists.c.o
/usr/bin/cc   -DCHECK_FUNCTION_EXISTS=remove   -o CMakeFiles/cmTC_dc1b1.dir/CheckFunctionExists.c.o   -c /usr/share/cmake-3.10/Modules/CheckFunctionExists.c
Linking C executable cmTC_dc1b1
/usr/bin/cmake -E cmake_link_script CMakeFiles/cmTC_dc1b1.dir/link.txt --verbose=1
/usr/bin/cc  -DCHECK_FUNCTION_EXISTS=remove    -rdynamic CMakeFiles/cmTC_dc1b1.dir/CheckFunctionExists.c.o  -o cmTC_dc1b1 
make[1]: Leaving directory '/home/sven/Downloads/glfw-3.3/CMakeFiles/CMakeTmp'


Determining if the function shmat exists passed with the following output:
Change Dir: /home/sven/Downloads/glfw-3.3/CMakeFiles/CMakeTmp

Run Build Command:"/usr/bin/make" "cmTC_02ce8/fast"
/usr/bin/make -f CMakeFiles/cmTC_02ce8.dir/build.make CMakeFiles/cmTC_02ce8.dir/build
make[1]: Entering directory '/home/sven/Downloads/glfw-3.3/CMakeFiles/CMakeTmp'
Building C object CMakeFiles/cmTC_02ce8.dir/CheckFunctionExists.c.o
/usr/bin/cc   -DCHECK_FUNCTION_EXISTS=shmat   -o CMakeFiles/cmTC_02ce8.dir/CheckFunctionExists.c.o   -c /usr/share/cmake-3.10/Modules/CheckFunctionExists.c
Linking C executable cmTC_02ce8
/usr/bin/cmake -E cmake_link_script CMakeFiles/cmTC_02ce8.dir/link.txt --verbose=1
/usr/bin/cc  -DCHECK_FUNCTION_EXISTS=shmat    -rdynamic CMakeFiles/cmTC_02ce8.dir/CheckFunctionExists.c.o  -o cmTC_02ce8 
make[1]: Leaving directory '/home/sven/Downloads/glfw-3.3/CMakeFiles/CMakeTmp'


Determining if the function IceConnectionNumber exists in the ICE passed with the following output:
Change Dir: /home/sven/Downloads/glfw-3.3/CMakeFiles/CMakeTmp

Run Build Command:"/usr/bin/make" "cmTC_36117/fast"
/usr/bin/make -f CMakeFiles/cmTC_36117.dir/build.make CMakeFiles/cmTC_36117.dir/build
make[1]: Entering directory '/home/sven/Downloads/glfw-3.3/CMakeFiles/CMakeTmp'
Building C object CMakeFiles/cmTC_36117.dir/CheckFunctionExists.c.o
/usr/bin/cc   -DCHECK_FUNCTION_EXISTS=IceConnectionNumber   -o CMakeFiles/cmTC_36117.dir/CheckFunctionExists.c.o   -c /usr/share/cmake-3.10/Modules/CheckFunctionExists.c
Linking C executable cmTC_36117
/usr/bin/cmake -E cmake_link_script CMakeFiles/cmTC_36117.dir/link.txt --verbose=1
/usr/bin/cc  -DCHECK_FUNCTION_EXISTS=IceConnectionNumber    -rdynamic CMakeFiles/cmTC_36117.dir/CheckFunctionExists.c.o  -o cmTC_36117 -lICE 
make[1]: Leaving directory '/home/sven/Downloads/glfw-3.3/CMakeFiles/CMakeTmp'


